  [1m[35m (1.8ms)[0m  [1m[35mCREATE TABLE "schema_migrations" ("version" varchar NOT NULL PRIMARY KEY)[0m
  [1m[35m (1.5ms)[0m  [1m[35mCREATE TABLE "ar_internal_metadata" ("key" varchar NOT NULL PRIMARY KEY, "value" varchar, "created_at" datetime NOT NULL, "updated_at" datetime NOT NULL)[0m
  [1m[36mActiveRecord::SchemaMigration Load (0.2ms)[0m  [1m[34mSELECT "schema_migrations".* FROM "schema_migrations"[0m
Migrating to CreateUsers (20191031013824)
  [1m[35m (0.1ms)[0m  [1m[36mbegin transaction[0m
  [1m[35m (0.6ms)[0m  [1m[35mCREATE TABLE "users" ("id" INTEGER PRIMARY KEY AUTOINCREMENT NOT NULL, "email" varchar, "password_digest" varchar, "created_at" datetime NOT NULL, "updated_at" datetime NOT NULL)[0m
  [1m[35mSQL (0.2ms)[0m  [1m[32mINSERT INTO "schema_migrations" ("version") VALUES (?)[0m  [["version", "20191031013824"]]
  [1m[35m (1.2ms)[0m  [1m[36mcommit transaction[0m
Migrating to CreateDogBreeds (20191031014114)
  [1m[35m (0.1ms)[0m  [1m[36mbegin transaction[0m
  [1m[35m (0.6ms)[0m  [1m[35mCREATE TABLE "dog_breeds" ("id" INTEGER PRIMARY KEY AUTOINCREMENT NOT NULL, "name" varchar, "origins" varchar, "life_span" varchar, "group" varchar, "created_at" datetime NOT NULL, "updated_at" datetime NOT NULL)[0m
  [1m[35mSQL (0.2ms)[0m  [1m[32mINSERT INTO "schema_migrations" ("version") VALUES (?)[0m  [["version", "20191031014114"]]
  [1m[35m (1.0ms)[0m  [1m[36mcommit transaction[0m
Migrating to CreateAttributes (20191031014447)
  [1m[35m (0.1ms)[0m  [1m[36mbegin transaction[0m
  [1m[35m (0.6ms)[0m  [1m[35mCREATE TABLE "attributes" ("id" INTEGER PRIMARY KEY AUTOINCREMENT NOT NULL, "dog_id" integer, "user_id" integer, "apartment_friendly" boolean, "hypoallergenic" boolean, "pet_friendly" boolean, "noise" boolean, "created_at" datetime NOT NULL, "updated_at" datetime NOT NULL)[0m
  [1m[35mSQL (0.2ms)[0m  [1m[32mINSERT INTO "schema_migrations" ("version") VALUES (?)[0m  [["version", "20191031014447"]]
  [1m[35m (1.1ms)[0m  [1m[36mcommit transaction[0m
Migrating to CreateMatches (20191031014713)
  [1m[35m (0.1ms)[0m  [1m[36mbegin transaction[0m
  [1m[35m (0.5ms)[0m  [1m[35mCREATE TABLE "matches" ("id" INTEGER PRIMARY KEY AUTOINCREMENT NOT NULL, "user_id" integer, "dog_id" integer, "comment_field" varchar, "created_at" datetime NOT NULL, "updated_at" datetime NOT NULL)[0m
  [1m[35mSQL (0.2ms)[0m  [1m[32mINSERT INTO "schema_migrations" ("version") VALUES (?)[0m  [["version", "20191031014713"]]
  [1m[35m (1.2ms)[0m  [1m[36mcommit transaction[0m
  [1m[36mActiveRecord::InternalMetadata Load (0.1ms)[0m  [1m[34mSELECT  "ar_internal_metadata".* FROM "ar_internal_metadata" WHERE "ar_internal_metadata"."key" = ? LIMIT ?[0m  [["key", "environment"], ["LIMIT", 1]]
  [1m[35m (0.1ms)[0m  [1m[36mbegin transaction[0m
  [1m[35mSQL (0.5ms)[0m  [1m[32mINSERT INTO "ar_internal_metadata" ("key", "value", "created_at", "updated_at") VALUES (?, ?, ?, ?)[0m  [["key", "environment"], ["value", "development"], ["created_at", "2019-10-31 01:51:28.387111"], ["updated_at", "2019-10-31 01:51:28.387111"]]
  [1m[35m (0.9ms)[0m  [1m[36mcommit transaction[0m
  [1m[36mActiveRecord::SchemaMigration Load (0.2ms)[0m  [1m[34mSELECT "schema_migrations".* FROM "schema_migrations"[0m
  [1m[35m (0.1ms)[0m  [1m[36mbegin transaction[0m
  [1m[35mSQL (4.3ms)[0m  [1m[32mINSERT INTO "dog_breeds" ("name", "origins", "life_span", "group", "created_at", "updated_at") VALUES (?, ?, ?, ?, ?, ?)[0m  [["name", "Chihuaha"], ["origins", "South America"], ["life_span", "5-18 years"], ["group", "companion"], ["created_at", "2019-10-31 01:55:54.838306"], ["updated_at", "2019-10-31 01:55:54.838306"]]
  [1m[35m (1.1ms)[0m  [1m[36mcommit transaction[0m
  [1m[35m (0.1ms)[0m  [1m[36mbegin transaction[0m
  [1m[35mSQL (0.6ms)[0m  [1m[32mINSERT INTO "users" ("email", "password_digest", "created_at", "updated_at") VALUES (?, ?, ?, ?)[0m  [["email", "kk@gmail.com"], ["password_digest", "password"], ["created_at", "2019-10-31 01:57:31.729878"], ["updated_at", "2019-10-31 01:57:31.729878"]]
  [1m[35m (1.1ms)[0m  [1m[36mcommit transaction[0m
  [1m[35m (0.1ms)[0m  [1m[36mbegin transaction[0m
  [1m[35mSQL (1.6ms)[0m  [1m[32mINSERT INTO "attributes" ("user_id", "apartment_friendly", "hypoallergenic", "pet_friendly", "noise", "created_at", "updated_at") VALUES (?, ?, ?, ?, ?, ?, ?)[0m  [["user_id", 1], ["apartment_friendly", "t"], ["hypoallergenic", "f"], ["pet_friendly", "t"], ["noise", "t"], ["created_at", "2019-10-31 02:01:17.787513"], ["updated_at", "2019-10-31 02:01:17.787513"]]
  [1m[35m (1.0ms)[0m  [1m[36mcommit transaction[0m
  [1m[36mAttribute Load (7.9ms)[0m  [1m[34mSELECT "attributes".* FROM "attributes"[0m
  [1m[36mUser Load (0.5ms)[0m  [1m[34mSELECT  "users".* FROM "users" WHERE (1) LIMIT ?[0m  [["LIMIT", 1]]
  [1m[36mActiveRecord::SchemaMigration Load (0.5ms)[0m  [1m[34mSELECT "schema_migrations".* FROM "schema_migrations"[0m
Migrating to DropAttributesTable (20191031021635)
  [1m[35m (0.1ms)[0m  [1m[36mbegin transaction[0m
  [1m[35m (1.7ms)[0m  [1m[35mDROP TABLE "attributes"[0m
  [1m[35mSQL (0.3ms)[0m  [1m[32mINSERT INTO "schema_migrations" ("version") VALUES (?)[0m  [["version", "20191031021635"]]
  [1m[35m (1.8ms)[0m  [1m[36mcommit transaction[0m
Migrating to CreateAttsTable (20191031021750)
  [1m[35m (0.1ms)[0m  [1m[36mbegin transaction[0m
  [1m[35m (0.7ms)[0m  [1m[35mCREATE TABLE "atts_tables" ("id" INTEGER PRIMARY KEY AUTOINCREMENT NOT NULL, "dog_breed_id" integer, "user_id" integer, "apartment_friendly" boolean, "hypoallergenic" boolean, "pet_friendly" boolean, "noise" boolean, "created_at" datetime NOT NULL, "updated_at" datetime NOT NULL)[0m
  [1m[35mSQL (0.3ms)[0m  [1m[32mINSERT INTO "schema_migrations" ("version") VALUES (?)[0m  [["version", "20191031021750"]]
  [1m[35m (1.4ms)[0m  [1m[36mcommit transaction[0m
  [1m[36mActiveRecord::InternalMetadata Load (0.7ms)[0m  [1m[34mSELECT  "ar_internal_metadata".* FROM "ar_internal_metadata" WHERE "ar_internal_metadata"."key" = ? LIMIT ?[0m  [["key", "environment"], ["LIMIT", 1]]
  [1m[35m (0.1ms)[0m  [1m[36mbegin transaction[0m
  [1m[35m (0.1ms)[0m  [1m[36mcommit transaction[0m
  [1m[36mActiveRecord::SchemaMigration Load (0.2ms)[0m  [1m[34mSELECT "schema_migrations".* FROM "schema_migrations"[0m
  [1m[36mUser Load (0.6ms)[0m  [1m[34mSELECT  "users".* FROM "users" WHERE "users"."id" = ? LIMIT ?[0m  [["id", 1], ["LIMIT", 1]]
  [1m[36mAttsTable Load (0.5ms)[0m  [1m[34mSELECT "atts_tables".* FROM "atts_tables"[0m
  [1m[35m (0.1ms)[0m  [1m[36mbegin transaction[0m
  [1m[35mSQL (3.2ms)[0m  [1m[32mINSERT INTO "atts_tables" ("user_id", "apartment_friendly", "hypoallergenic", "pet_friendly", "noise", "created_at", "updated_at") VALUES (?, ?, ?, ?, ?, ?, ?)[0m  [["user_id", 1], ["apartment_friendly", "t"], ["hypoallergenic", "f"], ["pet_friendly", "t"], ["noise", "f"], ["created_at", "2019-10-31 02:22:02.673223"], ["updated_at", "2019-10-31 02:22:02.673223"]]
  [1m[35m (1.0ms)[0m  [1m[36mcommit transaction[0m
  [1m[36mUser Load (0.2ms)[0m  [1m[34mSELECT  "users".* FROM "users" WHERE "users"."id" = ? LIMIT ?[0m  [["id", 1], ["LIMIT", 1]]
  [1m[36mAttsTable Load (7.8ms)[0m  [1m[34mSELECT "atts_tables".* FROM "atts_tables"[0m
  [1m[36mAttsTable Load (0.3ms)[0m  [1m[34mSELECT  "atts_tables".* FROM "atts_tables" WHERE "atts_tables"."id" = ? LIMIT ?[0m  [["id", 1], ["LIMIT", 1]]
  [1m[36mActiveRecord::SchemaMigration Load (0.5ms)[0m  [1m[34mSELECT "schema_migrations".* FROM "schema_migrations"[0m
Migrating to AddColumnToUser (20191031022612)
  [1m[35m (0.1ms)[0m  [1m[36mbegin transaction[0m
  [1m[35m (0.7ms)[0m  [1m[35mALTER TABLE "users" ADD "atts_table_id" integer[0m
  [1m[35mSQL (0.3ms)[0m  [1m[32mINSERT INTO "schema_migrations" ("version") VALUES (?)[0m  [["version", "20191031022612"]]
  [1m[35m (1.0ms)[0m  [1m[36mcommit transaction[0m
  [1m[36mActiveRecord::InternalMetadata Load (0.2ms)[0m  [1m[34mSELECT  "ar_internal_metadata".* FROM "ar_internal_metadata" WHERE "ar_internal_metadata"."key" = ? LIMIT ?[0m  [["key", "environment"], ["LIMIT", 1]]
  [1m[35m (0.1ms)[0m  [1m[36mbegin transaction[0m
  [1m[35m (0.1ms)[0m  [1m[36mcommit transaction[0m
  [1m[36mActiveRecord::SchemaMigration Load (0.1ms)[0m  [1m[34mSELECT "schema_migrations".* FROM "schema_migrations"[0m
  [1m[36mUser Load (0.2ms)[0m  [1m[34mSELECT  "users".* FROM "users" WHERE "users"."id" = ? LIMIT ?[0m  [["id", 1], ["LIMIT", 1]]
  [1m[36mAttsTable Load (0.2ms)[0m  [1m[34mSELECT  "atts_tables".* FROM "atts_tables" WHERE "atts_tables"."id" = ? LIMIT ?[0m  [["id", 1], ["LIMIT", 1]]
  [1m[36mActiveRecord::SchemaMigration Load (0.5ms)[0m  [1m[34mSELECT "schema_migrations".* FROM "schema_migrations"[0m
Migrating to AddColumnToDogBreeds (20191031022951)
  [1m[35m (0.1ms)[0m  [1m[36mbegin transaction[0m
  [1m[35m (0.8ms)[0m  [1m[35mALTER TABLE "dog_breeds" ADD "atts_table_id" integer[0m
  [1m[35mSQL (0.4ms)[0m  [1m[32mINSERT INTO "schema_migrations" ("version") VALUES (?)[0m  [["version", "20191031022951"]]
  [1m[35m (0.9ms)[0m  [1m[36mcommit transaction[0m
  [1m[36mActiveRecord::InternalMetadata Load (0.2ms)[0m  [1m[34mSELECT  "ar_internal_metadata".* FROM "ar_internal_metadata" WHERE "ar_internal_metadata"."key" = ? LIMIT ?[0m  [["key", "environment"], ["LIMIT", 1]]
  [1m[35m (0.1ms)[0m  [1m[36mbegin transaction[0m
  [1m[35m (0.0ms)[0m  [1m[36mcommit transaction[0m
  [1m[36mActiveRecord::SchemaMigration Load (0.1ms)[0m  [1m[34mSELECT "schema_migrations".* FROM "schema_migrations"[0m
  [1m[35m (0.1ms)[0m  [1m[36mbegin transaction[0m
  [1m[35mSQL (2.0ms)[0m  [1m[32mINSERT INTO "dog_breeds" ("name", "origins", "life_span", "group", "created_at", "updated_at") VALUES (?, ?, ?, ?, ?, ?)[0m  [["name", "Tibetan Spaniel"], ["origins", "Tibet"], ["life_span", "12-15 years"], ["group", "Non-sporting"], ["created_at", "2019-10-31 02:32:25.579432"], ["updated_at", "2019-10-31 02:32:25.579432"]]
  [1m[35m (1.4ms)[0m  [1m[36mcommit transaction[0m
  [1m[35m (0.1ms)[0m  [1m[36mbegin transaction[0m
  [1m[35mSQL (0.8ms)[0m  [1m[32mINSERT INTO "atts_tables" ("apartment_friendly", "hypoallergenic", "pet_friendly", "noise", "created_at", "updated_at") VALUES (?, ?, ?, ?, ?, ?)[0m  [["apartment_friendly", "t"], ["hypoallergenic", "f"], ["pet_friendly", "t"], ["noise", "f"], ["created_at", "2019-10-31 02:34:11.052618"], ["updated_at", "2019-10-31 02:34:11.052618"]]
  [1m[35m (1.2ms)[0m  [1m[36mcommit transaction[0m
  [1m[35m (0.3ms)[0m  [1m[36mbegin transaction[0m
  [1m[35mSQL (1.1ms)[0m  [1m[32mINSERT INTO "atts_tables" ("dog_breed_id", "apartment_friendly", "created_at", "updated_at") VALUES (?, ?, ?, ?)[0m  [["dog_breed_id", 2], ["apartment_friendly", "t"], ["created_at", "2019-10-31 02:35:04.349053"], ["updated_at", "2019-10-31 02:35:04.349053"]]
  [1m[35m (1.2ms)[0m  [1m[36mcommit transaction[0m
  [1m[36mAttsTable Load (8.3ms)[0m  [1m[34mSELECT "atts_tables".* FROM "atts_tables"[0m
  [1m[36mAttsTable Load (0.2ms)[0m  [1m[34mSELECT  "atts_tables".* FROM "atts_tables" WHERE "atts_tables"."id" = ? LIMIT ?[0m  [["id", 2], ["LIMIT", 1]]
  [1m[35mSQL (11.5ms)[0m  [1m[31mDELETE FROM "atts_tables" WHERE "atts_tables"."id" = ?[0m  [["id", 2]]
  [1m[36mUser Load (0.5ms)[0m  [1m[34mSELECT  "users".* FROM "users" WHERE "users"."id" = ? LIMIT ?[0m  [["id", 1], ["LIMIT", 1]]
  [1m[36mUser Load (0.2ms)[0m  [1m[34mSELECT  "users".* FROM "users" WHERE "users"."id" = ? LIMIT ?[0m  [["id", 1], ["LIMIT", 1]]
  [1m[35m (2.8ms)[0m  [1m[36mbegin transaction[0m
  [1m[35mSQL (2.9ms)[0m  [1m[33mUPDATE "users" SET "updated_at" = ?, "atts_table_id" = ? WHERE "users"."id" = ?[0m  [["updated_at", "2019-10-31 02:41:14.686665"], ["atts_table_id", 1], ["id", 1]]
  [1m[35m (1.6ms)[0m  [1m[36mcommit transaction[0m
  [1m[36mAttsTable Load (0.7ms)[0m  [1m[34mSELECT  "atts_tables".* FROM "atts_tables" WHERE "atts_tables"."id" = ? LIMIT ?[0m  [["id", 1], ["LIMIT", 1]]
  [1m[35m (0.2ms)[0m  [1m[36mbegin transaction[0m
  [1m[35mSQL (0.6ms)[0m  [1m[33mUPDATE "dog_breeds" SET "updated_at" = ?, "atts_table_id" = ? WHERE "dog_breeds"."id" = ?[0m  [["updated_at", "2019-10-31 02:41:47.697175"], ["atts_table_id", 3], ["id", 2]]
  [1m[35m (1.0ms)[0m  [1m[36mcommit transaction[0m
  [1m[36mAttsTable Load (0.4ms)[0m  [1m[34mSELECT "atts_tables".* FROM "atts_tables"[0m
  [1m[36mAttsTable Load (0.2ms)[0m  [1m[34mSELECT  "atts_tables".* FROM "atts_tables" WHERE "atts_tables"."id" = ? LIMIT ?[0m  [["id", 3], ["LIMIT", 1]]
  [1m[36mActiveRecord::SchemaMigration Load (0.6ms)[0m  [1m[34mSELECT "schema_migrations".* FROM "schema_migrations"[0m
Migrating to DropMatchesTable (20191031024608)
  [1m[35m (0.1ms)[0m  [1m[36mbegin transaction[0m
  [1m[35m (1.5ms)[0m  [1m[35mDROP TABLE "matches"[0m
  [1m[35mSQL (0.3ms)[0m  [1m[32mINSERT INTO "schema_migrations" ("version") VALUES (?)[0m  [["version", "20191031024608"]]
  [1m[35m (1.3ms)[0m  [1m[36mcommit transaction[0m
Migrating to ReCreateMatches (20191031024702)
  [1m[35m (0.1ms)[0m  [1m[36mbegin transaction[0m
  [1m[35m (0.8ms)[0m  [1m[35mCREATE TABLE "matches" ("id" INTEGER PRIMARY KEY AUTOINCREMENT NOT NULL, "user_id" integer, "dog_breed_id" integer, "comment_field" varchar, "created_at" datetime NOT NULL, "updated_at" datetime NOT NULL)[0m
  [1m[35mSQL (0.2ms)[0m  [1m[32mINSERT INTO "schema_migrations" ("version") VALUES (?)[0m  [["version", "20191031024702"]]
  [1m[35m (0.9ms)[0m  [1m[36mcommit transaction[0m
  [1m[36mActiveRecord::InternalMetadata Load (0.6ms)[0m  [1m[34mSELECT  "ar_internal_metadata".* FROM "ar_internal_metadata" WHERE "ar_internal_metadata"."key" = ? LIMIT ?[0m  [["key", "environment"], ["LIMIT", 1]]
  [1m[35m (0.1ms)[0m  [1m[36mbegin transaction[0m
  [1m[35m (0.1ms)[0m  [1m[36mcommit transaction[0m
  [1m[36mActiveRecord::SchemaMigration Load (0.1ms)[0m  [1m[34mSELECT "schema_migrations".* FROM "schema_migrations"[0m
  [1m[36mAttsTable Load (4.3ms)[0m  [1m[34mSELECT "atts_tables".* FROM "atts_tables"[0m
  [1m[36mDogBreed Load (0.2ms)[0m  [1m[34mSELECT "dog_breeds".* FROM "dog_breeds"[0m
  [1m[36mUser Load (0.2ms)[0m  [1m[34mSELECT "users".* FROM "users"[0m
  [1m[36mUser Load (0.2ms)[0m  [1m[34mSELECT  "users".* FROM "users" WHERE "users"."id" = ? LIMIT ?[0m  [["id", 1], ["LIMIT", 1]]
  [1m[36mUser Load (0.5ms)[0m  [1m[34mSELECT  "users".* FROM "users" WHERE "users"."id" = ? LIMIT ?[0m  [["id", 1], ["LIMIT", 1]]
  [1m[36mAttsTable Load (0.5ms)[0m  [1m[34mSELECT  "atts_tables".* FROM "atts_tables" WHERE "atts_tables"."id" = ? LIMIT ?[0m  [["id", 1], ["LIMIT", 1]]
  [1m[36mDogBreed Load (0.5ms)[0m  [1m[34mSELECT  "dog_breeds".* FROM "dog_breeds" WHERE "dog_breeds"."id" = ? LIMIT ?[0m  [["id", 2], ["LIMIT", 1]]
  [1m[36mDogBreed Load (0.8ms)[0m  [1m[34mSELECT  "dog_breeds".* FROM "dog_breeds" WHERE "dog_breeds"."id" = ? LIMIT ?[0m  [["id", 2], ["LIMIT", 1]]
  [1m[36mAttsTable Load (0.6ms)[0m  [1m[34mSELECT  "atts_tables".* FROM "atts_tables" WHERE "atts_tables"."id" = ? LIMIT ?[0m  [["id", 3], ["LIMIT", 1]]
  [1m[36mUser Load (1.1ms)[0m  [1m[34mSELECT  "users".* FROM "users" WHERE "users"."id" = ? LIMIT ?[0m  [["id", 1], ["LIMIT", 1]]
  [1m[36mAttsTable Load (0.2ms)[0m  [1m[34mSELECT  "atts_tables".* FROM "atts_tables" WHERE "atts_tables"."id" = ? LIMIT ?[0m  [["id", 1], ["LIMIT", 1]]
  [1m[36mUser Load (0.6ms)[0m  [1m[34mSELECT  "users".* FROM "users" WHERE "users"."id" = ? LIMIT ?[0m  [["id", 1], ["LIMIT", 1]]
  [1m[36mAttsTable Load (0.5ms)[0m  [1m[34mSELECT  "atts_tables".* FROM "atts_tables" WHERE "atts_tables"."id" = ? LIMIT ?[0m  [["id", 1], ["LIMIT", 1]]
  [1m[36mUser Load (0.3ms)[0m  [1m[34mSELECT  "users".* FROM "users" WHERE "users"."id" = ? LIMIT ?[0m  [["id", 1], ["LIMIT", 1]]
  [1m[36mAttsTable Load (0.2ms)[0m  [1m[34mSELECT  "atts_tables".* FROM "atts_tables" WHERE "atts_tables"."id" = ? LIMIT ?[0m  [["id", 1], ["LIMIT", 1]]
  [1m[36mUser Load (0.2ms)[0m  [1m[34mSELECT  "users".* FROM "users" WHERE "users"."id" = ? LIMIT ?[0m  [["id", 1], ["LIMIT", 1]]
  [1m[36mAttsTable Load (0.2ms)[0m  [1m[34mSELECT  "atts_tables".* FROM "atts_tables" WHERE "atts_tables"."id" = ? LIMIT ?[0m  [["id", 1], ["LIMIT", 1]]
  [1m[36mUser Load (0.5ms)[0m  [1m[34mSELECT  "users".* FROM "users" WHERE "users"."id" = ? LIMIT ?[0m  [["id", 1], ["LIMIT", 1]]
  [1m[36mAttsTable Load (0.5ms)[0m  [1m[34mSELECT  "atts_tables".* FROM "atts_tables" WHERE "atts_tables"."id" = ? LIMIT ?[0m  [["id", 1], ["LIMIT", 1]]
  [1m[36mAttsTable Load (0.2ms)[0m  [1m[34mSELECT "atts_tables".* FROM "atts_tables" WHERE (id)[0m
  [1m[36mAttsTable Load (0.2ms)[0m  [1m[34mSELECT "atts_tables".* FROM "atts_tables" WHERE (dog_breed_id)[0m
  [1m[36mAttsTable Load (0.3ms)[0m  [1m[34mSELECT "atts_tables".* FROM "atts_tables" WHERE (user_id)[0m
  [1m[36mAttsTable Load (0.2ms)[0m  [1m[34mSELECT "atts_tables".* FROM "atts_tables" WHERE (apartment_friendly)[0m
  [1m[36mAttsTable Load (0.2ms)[0m  [1m[34mSELECT "atts_tables".* FROM "atts_tables" WHERE (hypoallergenic)[0m
  [1m[36mAttsTable Load (0.2ms)[0m  [1m[34mSELECT "atts_tables".* FROM "atts_tables" WHERE (pet_friendly)[0m
  [1m[36mAttsTable Load (0.1ms)[0m  [1m[34mSELECT "atts_tables".* FROM "atts_tables" WHERE (noise)[0m
  [1m[36mAttsTable Load (0.2ms)[0m  [1m[34mSELECT "atts_tables".* FROM "atts_tables" WHERE (created_at)[0m
  [1m[36mAttsTable Load (0.2ms)[0m  [1m[34mSELECT "atts_tables".* FROM "atts_tables" WHERE (updated_at)[0m
  [1m[36mUser Load (0.3ms)[0m  [1m[34mSELECT  "users".* FROM "users" WHERE "users"."id" = ? LIMIT ?[0m  [["id", 1], ["LIMIT", 1]]
  [1m[36mAttsTable Load (0.2ms)[0m  [1m[34mSELECT  "atts_tables".* FROM "atts_tables" WHERE "atts_tables"."id" = ? LIMIT ?[0m  [["id", 1], ["LIMIT", 1]]
  [1m[36mAttsTable Load (0.2ms)[0m  [1m[34mSELECT "atts_tables".* FROM "atts_tables" WHERE (id)[0m
  [1m[36mAttsTable Load (0.2ms)[0m  [1m[34mSELECT "atts_tables".* FROM "atts_tables" WHERE (dog_breed_id)[0m
  [1m[36mAttsTable Load (0.2ms)[0m  [1m[34mSELECT "atts_tables".* FROM "atts_tables" WHERE (user_id)[0m
  [1m[36mAttsTable Load (0.1ms)[0m  [1m[34mSELECT "atts_tables".* FROM "atts_tables" WHERE (apartment_friendly)[0m
  [1m[36mAttsTable Load (0.1ms)[0m  [1m[34mSELECT "atts_tables".* FROM "atts_tables" WHERE (hypoallergenic)[0m
  [1m[36mAttsTable Load (0.1ms)[0m  [1m[34mSELECT "atts_tables".* FROM "atts_tables" WHERE (pet_friendly)[0m
  [1m[36mAttsTable Load (0.1ms)[0m  [1m[34mSELECT "atts_tables".* FROM "atts_tables" WHERE (noise)[0m
  [1m[36mAttsTable Load (0.1ms)[0m  [1m[34mSELECT "atts_tables".* FROM "atts_tables" WHERE (created_at)[0m
  [1m[36mAttsTable Load (0.2ms)[0m  [1m[34mSELECT "atts_tables".* FROM "atts_tables" WHERE (updated_at)[0m
  [1m[36mUser Load (1.4ms)[0m  [1m[34mSELECT  "users".* FROM "users" WHERE "users"."id" = ? LIMIT ?[0m  [["id", 1], ["LIMIT", 1]]
  [1m[36mAttsTable Load (0.2ms)[0m  [1m[34mSELECT  "atts_tables".* FROM "atts_tables" WHERE "atts_tables"."id" = ? LIMIT ?[0m  [["id", 1], ["LIMIT", 1]]
  [1m[36mUser Load (0.3ms)[0m  [1m[34mSELECT  "users".* FROM "users" WHERE "users"."id" = ? LIMIT ?[0m  [["id", 1], ["LIMIT", 1]]
  [1m[36mAttsTable Load (0.2ms)[0m  [1m[34mSELECT  "atts_tables".* FROM "atts_tables" WHERE "atts_tables"."id" = ? LIMIT ?[0m  [["id", 1], ["LIMIT", 1]]
  [1m[36mDogBreed Load (0.5ms)[0m  [1m[34mSELECT  "dog_breeds".* FROM "dog_breeds" WHERE "dog_breeds"."id" = ? LIMIT ?[0m  [["id", 1], ["LIMIT", 1]]
  [1m[36mDogBreed Load (0.2ms)[0m  [1m[34mSELECT  "dog_breeds".* FROM "dog_breeds" WHERE "dog_breeds"."id" = ? LIMIT ?[0m  [["id", 1], ["LIMIT", 1]]
  [1m[36mDogBreed Load (0.1ms)[0m  [1m[34mSELECT  "dog_breeds".* FROM "dog_breeds" WHERE "dog_breeds"."id" = ? LIMIT ?[0m  [["id", 1], ["LIMIT", 1]]
  [1m[36mDogBreed Load (0.2ms)[0m  [1m[34mSELECT  "dog_breeds".* FROM "dog_breeds" WHERE "dog_breeds"."id" = ? LIMIT ?[0m  [["id", 1], ["LIMIT", 1]]
  [1m[36mDogBreed Load (0.1ms)[0m  [1m[34mSELECT  "dog_breeds".* FROM "dog_breeds" WHERE "dog_breeds"."id" = ? LIMIT ?[0m  [["id", 1], ["LIMIT", 1]]
  [1m[36mDogBreed Load (0.2ms)[0m  [1m[34mSELECT  "dog_breeds".* FROM "dog_breeds" WHERE "dog_breeds"."id" = ? LIMIT ?[0m  [["id", 1], ["LIMIT", 1]]
  [1m[36mDogBreed Load (0.1ms)[0m  [1m[34mSELECT  "dog_breeds".* FROM "dog_breeds" WHERE "dog_breeds"."id" = ? LIMIT ?[0m  [["id", 1], ["LIMIT", 1]]
  [1m[36mDogBreed Load (0.1ms)[0m  [1m[34mSELECT  "dog_breeds".* FROM "dog_breeds" WHERE "dog_breeds"."id" = ? LIMIT ?[0m  [["id", 1], ["LIMIT", 1]]
  [1m[36mDogBreed Load (0.1ms)[0m  [1m[34mSELECT  "dog_breeds".* FROM "dog_breeds" WHERE "dog_breeds"."id" = ? LIMIT ?[0m  [["id", 1], ["LIMIT", 1]]
  [1m[36mUser Load (0.2ms)[0m  [1m[34mSELECT  "users".* FROM "users" WHERE "users"."id" = ? LIMIT ?[0m  [["id", 1], ["LIMIT", 1]]
  [1m[36mAttsTable Load (0.1ms)[0m  [1m[34mSELECT  "atts_tables".* FROM "atts_tables" WHERE "atts_tables"."id" = ? LIMIT ?[0m  [["id", 1], ["LIMIT", 1]]
  [1m[36mAttsTable Load (0.4ms)[0m  [1m[34mSELECT "atts_tables".* FROM "atts_tables" WHERE (id)[0m
  [1m[36mAttsTable Load (0.2ms)[0m  [1m[34mSELECT "atts_tables".* FROM "atts_tables" WHERE (dog_breed_id)[0m
  [1m[36mAttsTable Load (0.2ms)[0m  [1m[34mSELECT "atts_tables".* FROM "atts_tables" WHERE (user_id)[0m
  [1m[36mAttsTable Load (0.5ms)[0m  [1m[34mSELECT "atts_tables".* FROM "atts_tables" WHERE (apartment_friendly)[0m
  [1m[36mAttsTable Load (0.4ms)[0m  [1m[34mSELECT "atts_tables".* FROM "atts_tables" WHERE (hypoallergenic)[0m
  [1m[36mAttsTable Load (0.3ms)[0m  [1m[34mSELECT "atts_tables".* FROM "atts_tables" WHERE (pet_friendly)[0m
  [1m[36mAttsTable Load (0.2ms)[0m  [1m[34mSELECT "atts_tables".* FROM "atts_tables" WHERE (noise)[0m
  [1m[36mAttsTable Load (0.4ms)[0m  [1m[34mSELECT "atts_tables".* FROM "atts_tables" WHERE (created_at)[0m
  [1m[36mAttsTable Load (0.2ms)[0m  [1m[34mSELECT "atts_tables".* FROM "atts_tables" WHERE (updated_at)[0m
  [1m[36mUser Load (1.9ms)[0m  [1m[34mSELECT  "users".* FROM "users" WHERE "users"."id" = ? LIMIT ?[0m  [["id", 1], ["LIMIT", 1]]
  [1m[36mAttsTable Load (0.3ms)[0m  [1m[34mSELECT  "atts_tables".* FROM "atts_tables" WHERE "atts_tables"."id" = ? LIMIT ?[0m  [["id", 1], ["LIMIT", 1]]
  [1m[36mUser Load (0.4ms)[0m  [1m[34mSELECT  "users".* FROM "users" WHERE "users"."id" = ? LIMIT ?[0m  [["id", 1], ["LIMIT", 1]]
  [1m[36mAttsTable Load (0.2ms)[0m  [1m[34mSELECT  "atts_tables".* FROM "atts_tables" WHERE "atts_tables"."id" = ? LIMIT ?[0m  [["id", 1], ["LIMIT", 1]]
  [1m[36mAttsTable Load (0.2ms)[0m  [1m[34mSELECT "atts_tables".* FROM "atts_tables" WHERE (dog_breed_id)[0m
  [1m[36mAttsTable Load (0.2ms)[0m  [1m[34mSELECT "atts_tables".* FROM "atts_tables" WHERE (user_id)[0m
  [1m[36mAttsTable Load (0.2ms)[0m  [1m[34mSELECT "atts_tables".* FROM "atts_tables" WHERE (apartment_friendly)[0m
  [1m[36mAttsTable Load (0.2ms)[0m  [1m[34mSELECT "atts_tables".* FROM "atts_tables" WHERE (hypoallergenic)[0m
  [1m[36mAttsTable Load (0.2ms)[0m  [1m[34mSELECT "atts_tables".* FROM "atts_tables" WHERE (pet_friendly)[0m
  [1m[36mAttsTable Load (0.1ms)[0m  [1m[34mSELECT "atts_tables".* FROM "atts_tables" WHERE (noise)[0m
  [1m[36mAttsTable Load (0.2ms)[0m  [1m[34mSELECT "atts_tables".* FROM "atts_tables" WHERE (created_at)[0m
  [1m[36mAttsTable Load (0.4ms)[0m  [1m[34mSELECT "atts_tables".* FROM "atts_tables" WHERE (updated_at)[0m
  [1m[36mDogBreed Load (0.2ms)[0m  [1m[34mSELECT  "dog_breeds".* FROM "dog_breeds" WHERE "dog_breeds"."id" = ? LIMIT ?[0m  [["id", 1], ["LIMIT", 1]]
  [1m[36mDogBreed Load (0.2ms)[0m  [1m[34mSELECT  "dog_breeds".* FROM "dog_breeds" WHERE "dog_breeds"."id" = ? LIMIT ?[0m  [["id", 1], ["LIMIT", 1]]
  [1m[36mDogBreed Load (0.2ms)[0m  [1m[34mSELECT  "dog_breeds".* FROM "dog_breeds" WHERE "dog_breeds"."id" = ? LIMIT ?[0m  [["id", 1], ["LIMIT", 1]]
  [1m[36mDogBreed Load (0.2ms)[0m  [1m[34mSELECT  "dog_breeds".* FROM "dog_breeds" WHERE "dog_breeds"."id" = ? LIMIT ?[0m  [["id", 1], ["LIMIT", 1]]
  [1m[36mDogBreed Load (0.2ms)[0m  [1m[34mSELECT  "dog_breeds".* FROM "dog_breeds" WHERE "dog_breeds"."id" = ? LIMIT ?[0m  [["id", 1], ["LIMIT", 1]]
  [1m[36mDogBreed Load (0.2ms)[0m  [1m[34mSELECT  "dog_breeds".* FROM "dog_breeds" WHERE "dog_breeds"."id" = ? LIMIT ?[0m  [["id", 1], ["LIMIT", 1]]
  [1m[36mDogBreed Load (0.1ms)[0m  [1m[34mSELECT  "dog_breeds".* FROM "dog_breeds" WHERE "dog_breeds"."id" = ? LIMIT ?[0m  [["id", 1], ["LIMIT", 1]]
  [1m[36mDogBreed Load (0.3ms)[0m  [1m[34mSELECT  "dog_breeds".* FROM "dog_breeds" WHERE "dog_breeds"."id" = ? LIMIT ?[0m  [["id", 1], ["LIMIT", 1]]
  [1m[36mUser Load (0.5ms)[0m  [1m[34mSELECT  "users".* FROM "users" WHERE "users"."id" = ? LIMIT ?[0m  [["id", 1], ["LIMIT", 1]]
  [1m[36mAttsTable Load (0.5ms)[0m  [1m[34mSELECT  "atts_tables".* FROM "atts_tables" WHERE "atts_tables"."id" = ? LIMIT ?[0m  [["id", 1], ["LIMIT", 1]]
  [1m[36mUser Load (0.2ms)[0m  [1m[34mSELECT  "users".* FROM "users" WHERE "users"."id" = ? LIMIT ?[0m  [["id", 1], ["LIMIT", 1]]
  [1m[36mAttsTable Load (0.1ms)[0m  [1m[34mSELECT  "atts_tables".* FROM "atts_tables" WHERE "atts_tables"."id" = ? LIMIT ?[0m  [["id", 1], ["LIMIT", 1]]
  [1m[36mAttsTable Load (0.3ms)[0m  [1m[34mSELECT "atts_tables".* FROM "atts_tables" WHERE (apartment_friendly)[0m
  [1m[36mAttsTable Load (0.3ms)[0m  [1m[34mSELECT "atts_tables".* FROM "atts_tables" WHERE (hypoallergenic)[0m
  [1m[36mAttsTable Load (0.2ms)[0m  [1m[34mSELECT "atts_tables".* FROM "atts_tables" WHERE (pet_friendly)[0m
  [1m[36mAttsTable Load (0.2ms)[0m  [1m[34mSELECT "atts_tables".* FROM "atts_tables" WHERE (noise)[0m
  [1m[36mUser Load (0.3ms)[0m  [1m[34mSELECT  "users".* FROM "users" WHERE "users"."id" = ? LIMIT ?[0m  [["id", 1], ["LIMIT", 1]]
  [1m[36mUser Load (0.3ms)[0m  [1m[34mSELECT  "users".* FROM "users" WHERE "users"."id" = ? LIMIT ?[0m  [["id", 1], ["LIMIT", 1]]
  [1m[36mAttsTable Load (0.2ms)[0m  [1m[34mSELECT  "atts_tables".* FROM "atts_tables" WHERE "atts_tables"."id" = ? LIMIT ?[0m  [["id", 1], ["LIMIT", 1]]
  [1m[36mAttsTable Load (0.3ms)[0m  [1m[34mSELECT "atts_tables".* FROM "atts_tables"[0m
  [1m[36mUser Load (0.3ms)[0m  [1m[34mSELECT  "users".* FROM "users" WHERE "users"."id" = ? LIMIT ?[0m  [["id", 1], ["LIMIT", 1]]
  [1m[36mAttsTable Load (0.1ms)[0m  [1m[34mSELECT  "atts_tables".* FROM "atts_tables" WHERE "atts_tables"."id" = ? LIMIT ?[0m  [["id", 1], ["LIMIT", 1]]
  [1m[36mAttsTable Load (0.4ms)[0m  [1m[34mSELECT "atts_tables".* FROM "atts_tables" WHERE "atts_tables"."id" IN (0, 1)[0m
  [1m[36mUser Load (0.4ms)[0m  [1m[34mSELECT  "users".* FROM "users" WHERE "users"."id" = ? LIMIT ?[0m  [["id", 1], ["LIMIT", 1]]
  [1m[36mAttsTable Load (0.2ms)[0m  [1m[34mSELECT  "atts_tables".* FROM "atts_tables" WHERE "atts_tables"."id" = ? LIMIT ?[0m  [["id", 1], ["LIMIT", 1]]
  [1m[36mAttsTable Load (0.2ms)[0m  [1m[34mSELECT  "atts_tables".* FROM "atts_tables" WHERE (apartment_friendly) LIMIT ?[0m  [["LIMIT", 1]]
  [1m[36mAttsTable Load (0.4ms)[0m  [1m[34mSELECT  "atts_tables".* FROM "atts_tables" WHERE (hypoallergenic) LIMIT ?[0m  [["LIMIT", 1]]
  [1m[36mAttsTable Load (0.2ms)[0m  [1m[34mSELECT  "atts_tables".* FROM "atts_tables" WHERE (pet_friendly) LIMIT ?[0m  [["LIMIT", 1]]
  [1m[36mAttsTable Load (0.2ms)[0m  [1m[34mSELECT  "atts_tables".* FROM "atts_tables" WHERE (noise) LIMIT ?[0m  [["LIMIT", 1]]
  [1m[36mUser Load (0.2ms)[0m  [1m[34mSELECT  "users".* FROM "users" WHERE "users"."id" = ? LIMIT ?[0m  [["id", 1], ["LIMIT", 1]]
  [1m[36mAttsTable Load (0.5ms)[0m  [1m[34mSELECT  "atts_tables".* FROM "atts_tables" WHERE "atts_tables"."id" = ? LIMIT ?[0m  [["id", 1], ["LIMIT", 1]]
  [1m[36mUser Load (0.8ms)[0m  [1m[34mSELECT  "users".* FROM "users" WHERE "users"."id" = ? LIMIT ?[0m  [["id", 1], ["LIMIT", 1]]
  [1m[36mAttsTable Load (0.6ms)[0m  [1m[34mSELECT  "atts_tables".* FROM "atts_tables" WHERE "atts_tables"."id" = ? LIMIT ?[0m  [["id", 1], ["LIMIT", 1]]
  [1m[36mAttsTable Load (0.2ms)[0m  [1m[34mSELECT  "atts_tables".* FROM "atts_tables" WHERE "atts_tables"."att" = ? LIMIT ?[0m  [["att", "t"], ["LIMIT", 1]]
  [1m[36mUser Load (0.6ms)[0m  [1m[34mSELECT  "users".* FROM "users" WHERE "users"."id" = ? LIMIT ?[0m  [["id", 1], ["LIMIT", 1]]
  [1m[36mAttsTable Load (0.4ms)[0m  [1m[34mSELECT  "atts_tables".* FROM "atts_tables" WHERE "atts_tables"."id" = ? LIMIT ?[0m  [["id", 1], ["LIMIT", 1]]
  [1m[36mUser Load (1.0ms)[0m  [1m[34mSELECT  "users".* FROM "users" WHERE "users"."id" = ? LIMIT ?[0m  [["id", 1], ["LIMIT", 1]]
  [1m[36mAttsTable Load (0.2ms)[0m  [1m[34mSELECT  "atts_tables".* FROM "atts_tables" WHERE "atts_tables"."id" = ? LIMIT ?[0m  [["id", 1], ["LIMIT", 1]]
  [1m[36mAttsTable Load (1.0ms)[0m  [1m[34mSELECT "atts_tables".* FROM "atts_tables" WHERE (atts_tables.apartment_friendly = 't')[0m
  [1m[36mUser Load (0.7ms)[0m  [1m[34mSELECT  "users".* FROM "users" WHERE "users"."id" = ? LIMIT ?[0m  [["id", 1], ["LIMIT", 1]]
  [1m[36mAttsTable Load (0.3ms)[0m  [1m[34mSELECT  "atts_tables".* FROM "atts_tables" WHERE "atts_tables"."id" = ? LIMIT ?[0m  [["id", 1], ["LIMIT", 1]]
  [1m[36mAttsTable Load (0.2ms)[0m  [1m[34mSELECT "atts_tables".* FROM "atts_tables" WHERE (atts_tables.apartment_friendly = 't')[0m
  [1m[36mUser Load (0.8ms)[0m  [1m[34mSELECT  "users".* FROM "users" WHERE "users"."id" = ? LIMIT ?[0m  [["id", 1], ["LIMIT", 1]]
  [1m[36mAttsTable Load (0.2ms)[0m  [1m[34mSELECT  "atts_tables".* FROM "atts_tables" WHERE "atts_tables"."id" = ? LIMIT ?[0m  [["id", 1], ["LIMIT", 1]]
  [1m[36mAttsTable Load (0.2ms)[0m  [1m[34mSELECT "atts_tables".* FROM "atts_tables" WHERE (atts_tables.apartment_friendly = 't') AND ("atts_tables"."dog_breed_id" IS NOT NULL)[0m
  [1m[36mUser Load (1.5ms)[0m  [1m[34mSELECT  "users".* FROM "users" WHERE "users"."id" = ? LIMIT ?[0m  [["id", 1], ["LIMIT", 1]]
  [1m[36mAttsTable Load (0.3ms)[0m  [1m[34mSELECT  "atts_tables".* FROM "atts_tables" WHERE "atts_tables"."id" = ? LIMIT ?[0m  [["id", 1], ["LIMIT", 1]]
  [1m[36mAttsTable Load (0.4ms)[0m  [1m[34mSELECT "atts_tables".* FROM "atts_tables" WHERE "atts_tables"."apartment_friendly" = ? AND ("atts_tables"."dog_breed_id" IS NOT NULL)[0m  [["apartment_friendly", "t"]]
  [1m[36mUser Load (0.2ms)[0m  [1m[34mSELECT  "users".* FROM "users" WHERE "users"."id" = ? LIMIT ?[0m  [["id", 1], ["LIMIT", 1]]
  [1m[36mAttsTable Load (0.1ms)[0m  [1m[34mSELECT  "atts_tables".* FROM "atts_tables" WHERE "atts_tables"."id" = ? LIMIT ?[0m  [["id", 1], ["LIMIT", 1]]
  [1m[36mAttsTable Load (0.1ms)[0m  [1m[34mSELECT "atts_tables".* FROM "atts_tables" WHERE "atts_tables"."apartment_friendly" = ? AND ("atts_tables"."dog_breed_id" IS NOT NULL)[0m  [["apartment_friendly", "t"]]
  [1m[36mUser Load (0.2ms)[0m  [1m[34mSELECT  "users".* FROM "users" WHERE "users"."id" = ? LIMIT ?[0m  [["id", 1], ["LIMIT", 1]]
  [1m[36mAttsTable Load (0.1ms)[0m  [1m[34mSELECT  "atts_tables".* FROM "atts_tables" WHERE "atts_tables"."id" = ? LIMIT ?[0m  [["id", 1], ["LIMIT", 1]]
  [1m[36mAttsTable Load (0.1ms)[0m  [1m[34mSELECT "atts_tables".* FROM "atts_tables" WHERE "atts_tables"."apartment_friendly" = ? AND ("atts_tables"."dog_breed_id" IS NOT NULL)[0m  [["apartment_friendly", "t"]]
  [1m[36mUser Load (0.2ms)[0m  [1m[34mSELECT  "users".* FROM "users" WHERE "users"."id" = ? LIMIT ?[0m  [["id", 1], ["LIMIT", 1]]
  [1m[36mAttsTable Load (0.1ms)[0m  [1m[34mSELECT  "atts_tables".* FROM "atts_tables" WHERE "atts_tables"."id" = ? LIMIT ?[0m  [["id", 1], ["LIMIT", 1]]
  [1m[36mAttsTable Load (0.5ms)[0m  [1m[34mSELECT "atts_tables".* FROM "atts_tables" WHERE (atts_tables.apartment_friendly = 't') AND ("atts_tables"."dog_breed_id" IS NOT NULL)[0m
  [1m[36mUser Load (0.7ms)[0m  [1m[34mSELECT  "users".* FROM "users" WHERE "users"."id" = ? LIMIT ?[0m  [["id", 1], ["LIMIT", 1]]
  [1m[36mAttsTable Load (0.2ms)[0m  [1m[34mSELECT  "atts_tables".* FROM "atts_tables" WHERE "atts_tables"."id" = ? LIMIT ?[0m  [["id", 1], ["LIMIT", 1]]
  [1m[36mAttsTable Load (0.3ms)[0m  [1m[34mSELECT "atts_tables".* FROM "atts_tables" WHERE (atts_tables.apartment_friendly = 't') AND ("atts_tables"."dog_breed_id" IS NOT NULL)[0m
  [1m[36mDogBreed Load (3.2ms)[0m  [1m[34mSELECT "dog_breeds".* FROM "dog_breeds"[0m
  [1m[35m (0.1ms)[0m  [1m[36mbegin transaction[0m
  [1m[35mSQL (2.3ms)[0m  [1m[32mINSERT INTO "dog_breeds" ("name", "origins", "life_span", "group", "created_at", "updated_at") VALUES (?, ?, ?, ?, ?, ?)[0m  [["name", "Poodle"], ["origins", "Germany"], ["life_span", "10-18 years"], ["group", "Non-sporting"], ["created_at", "2019-10-31 17:45:13.125207"], ["updated_at", "2019-10-31 17:45:13.125207"]]
  [1m[35m (1.3ms)[0m  [1m[36mcommit transaction[0m
  [1m[35m (0.1ms)[0m  [1m[36mbegin transaction[0m
  [1m[35mSQL (1.1ms)[0m  [1m[32mINSERT INTO "atts_tables" ("dog_breed_id", "apartment_friendly", "hypoallergenic", "pet_friendly", "noise", "created_at", "updated_at") VALUES (?, ?, ?, ?, ?, ?, ?)[0m  [["dog_breed_id", 3], ["apartment_friendly", "t"], ["hypoallergenic", "t"], ["pet_friendly", "t"], ["noise", "f"], ["created_at", "2019-10-31 17:48:43.703180"], ["updated_at", "2019-10-31 17:48:43.703180"]]
  [1m[35m (1.4ms)[0m  [1m[36mcommit transaction[0m
  [1m[36mAttsTable Load (0.7ms)[0m  [1m[34mSELECT  "atts_tables".* FROM "atts_tables" WHERE "atts_tables"."id" = ? LIMIT ?[0m  [["id", 4], ["LIMIT", 1]]
  [1m[36mUser Load (0.5ms)[0m  [1m[34mSELECT  "users".* FROM "users" WHERE "users"."id" = ? LIMIT ?[0m  [["id", 1], ["LIMIT", 1]]
  [1m[36mAttsTable Load (0.2ms)[0m  [1m[34mSELECT  "atts_tables".* FROM "atts_tables" WHERE "atts_tables"."id" = ? LIMIT ?[0m  [["id", 1], ["LIMIT", 1]]
  [1m[36mAttsTable Load (0.3ms)[0m  [1m[34mSELECT "atts_tables".* FROM "atts_tables" WHERE "atts_tables"."apartment_friendly" = ? AND ("atts_tables"."dog_breed_id" IS NOT NULL)[0m  [["apartment_friendly", "t"]]
  [1m[36mAttsTable Load (0.3ms)[0m  [1m[34mSELECT "atts_tables".* FROM "atts_tables" WHERE "atts_tables"."hypoallergenic" = ? AND ("atts_tables"."dog_breed_id" IS NOT NULL)[0m  [["hypoallergenic", "f"]]
  [1m[36mUser Load (7.8ms)[0m  [1m[34mSELECT  "users".* FROM "users" WHERE "users"."id" = ? LIMIT ?[0m  [["id", 1], ["LIMIT", 1]]
  [1m[36mAttsTable Load (0.1ms)[0m  [1m[34mSELECT  "atts_tables".* FROM "atts_tables" WHERE "atts_tables"."id" = ? LIMIT ?[0m  [["id", 1], ["LIMIT", 1]]
  [1m[36mAttsTable Load (0.5ms)[0m  [1m[34mSELECT "atts_tables".* FROM "atts_tables" WHERE "atts_tables"."apartment_friendly" = ? AND ("atts_tables"."dog_breed_id" IS NOT NULL)[0m  [["apartment_friendly", "t"]]
  [1m[36mAttsTable Load (17.1ms)[0m  [1m[34mSELECT "atts_tables".* FROM "atts_tables" WHERE "atts_tables"."hypoallergenic" = ? AND ("atts_tables"."dog_breed_id" IS NOT NULL)[0m  [["hypoallergenic", "f"]]
